
/home/runner/work/exp-search-with-list-au/exp-search-with-list-au/experiment/simulation/js/main.js
  2:240     warning  'p' is a function                                                          no-func-assign
  2:1304    warning  Unsafe usage of ThrowStatement                                             no-unsafe-finally
  2:15975   warning  'e' is defined but never used                                              no-unused-vars
  2:17164   warning  'e' is defined but never used                                              no-unused-vars
  2:17596   warning  'e' is defined but never used                                              no-unused-vars
  2:17628   warning  'e' is defined but never used                                              no-unused-vars
  2:18618   warning  'e' is defined but never used                                              no-unused-vars
  2:19671   warning  'e' is defined but never used                                              no-unused-vars
  2:30777   warning  'e' is defined but never used                                              no-unused-vars
  2:31700   warning  'e' is defined but never used                                              no-unused-vars
  2:35508   warning  'e' is defined but never used                                              no-unused-vars
  2:43348   warning  'r' is defined but never used                                              no-unused-vars
  2:53243   warning  'setImmediate' is not defined                                              no-undef
  2:54159   warning  'n' is defined but never used                                              no-unused-vars
  2:56440   warning  'n' is defined but never used                                              no-unused-vars
  2:59044   warning  'e' is defined but never used                                              no-unused-vars
  2:59068   warning  'e' is defined but never used                                              no-unused-vars
  2:59070   warning  't' is defined but never used                                              no-unused-vars
  2:59090   warning  'e' is defined but never used                                              no-unused-vars
  2:59111   warning  'e' is defined but never used                                              no-unused-vars
  2:60997   warning  'e' is defined but never used                                              no-unused-vars
  2:60999   warning  't' is defined but never used                                              no-unused-vars
  2:61081   warning  't' is defined but never used                                              no-unused-vars
  2:67224   warning  't' is defined but never used                                              no-unused-vars
  2:129496  warning  Expected a conditional expression and instead saw an assignment            no-cond-assign
  2:133817  warning  'r' is defined but never used                                              no-unused-vars
  2:150828  warning  Expected a conditional expression and instead saw an assignment            no-cond-assign
  2:151149  warning  Expected a conditional expression and instead saw an assignment            no-cond-assign
  2:193600  warning  Redundant double negation                                                  no-extra-boolean-cast
  2:194734  warning  'e' is defined but never used                                              no-unused-vars
  2:194736  warning  't' is defined but never used                                              no-unused-vars
  2:198212  warning  'e' is defined but never used                                              no-unused-vars
  2:198214  warning  't' is defined but never used                                              no-unused-vars
  2:199520  warning  'e' is defined but never used                                              no-unused-vars
  2:199522  warning  't' is defined but never used                                              no-unused-vars
  2:201259  warning  'e' is defined but never used                                              no-unused-vars
  2:201261  warning  't' is defined but never used                                              no-unused-vars
  2:201432  warning  'e' is defined but never used                                              no-unused-vars
  2:201487  warning  'e' is defined but never used                                              no-unused-vars
  2:201525  warning  'e' is defined but never used                                              no-unused-vars
  2:205308  warning  't' is defined but never used                                              no-unused-vars
  2:205829  warning  'i' is defined but never used                                              no-unused-vars
  2:206215  warning  'n' is defined but never used                                              no-unused-vars
  2:207471  warning  't' is defined but never used                                              no-unused-vars
  2:208416  warning  't' is defined but never used                                              no-unused-vars
  2:208762  warning  't' is defined but never used                                              no-unused-vars
  2:210046  warning  Expected a conditional expression and instead saw an assignment            no-cond-assign
  2:210486  warning  Expected a conditional expression and instead saw an assignment            no-cond-assign
  2:210881  warning  'e' is defined but never used                                              no-unused-vars
  2:210977  warning  'e' is defined but never used                                              no-unused-vars
  2:210979  warning  't' is defined but never used                                              no-unused-vars
  2:211350  warning  'e' is defined but never used                                              no-unused-vars
  2:212578  warning  't' is defined but never used                                              no-unused-vars
  2:213305  warning  'e' is defined but never used                                              no-unused-vars
  2:213307  warning  't' is defined but never used                                              no-unused-vars
  2:213544  warning  'r' is defined but never used                                              no-unused-vars
  2:213894  warning  'e' is defined but never used                                              no-unused-vars
  2:213896  warning  't' is defined but never used                                              no-unused-vars
  2:214192  warning  'e' is defined but never used                                              no-unused-vars
  2:214194  warning  't' is defined but never used                                              no-unused-vars
  2:215650  warning  'e' is defined but never used                                              no-unused-vars
  2:215915  warning  'l' is defined but never used                                              no-unused-vars
  2:216303  warning  'o' is defined but never used                                              no-unused-vars
  2:216657  warning  'o' is defined but never used                                              no-unused-vars
  2:217573  warning  'i' is defined but never used                                              no-unused-vars
  2:217810  warning  'e' is defined but never used                                              no-unused-vars
  2:217836  warning  'e' is defined but never used                                              no-unused-vars
  2:223476  warning  'p' is already defined                                                     no-redeclare
  2:250382  warning  't' is defined but never used                                              no-unused-vars
  2:250384  warning  'n' is defined but never used                                              no-unused-vars
  2:250386  warning  'r' is defined but never used                                              no-unused-vars
  2:250796  warning  Empty block statement                                                      no-empty
  2:253486  warning  't' is defined but never used                                              no-unused-vars
  2:262896  warning  't' is defined but never used                                              no-unused-vars
  2:271891  warning  't' is defined but never used                                              no-unused-vars
  2:277413  warning  'o' is defined but never used                                              no-unused-vars
  2:277446  warning  'l' is defined but never used                                              no-unused-vars
  2:284373  warning  Expected a conditional expression and instead saw an assignment            no-cond-assign
  2:287713  warning  't' is defined but never used                                              no-unused-vars
  2:288641  warning  Empty block statement                                                      no-empty
  2:299514  warning  't' is defined but never used                                              no-unused-vars
  2:300844  warning  'n' is defined but never used                                              no-unused-vars
  2:300846  warning  'r' is defined but never used                                              no-unused-vars
  2:301254  warning  'n' is defined but never used                                              no-unused-vars
  2:301256  warning  'r' is defined but never used                                              no-unused-vars
  2:350189  warning  Unexpected constant condition                                              no-constant-condition
  2:353693  warning  Empty block statement                                                      no-empty
  2:354232  warning  Empty block statement                                                      no-empty
  2:357997  warning  Empty block statement                                                      no-empty
  2:358023  warning  Empty block statement                                                      no-empty
  2:358912  warning  Expected a conditional expression and instead saw an assignment            no-cond-assign
  2:361643  warning  Unexpected combined character in character class                           no-misleading-character-class
  2:363532  warning  Unnecessary escape character: \-                                           no-useless-escape
  2:363614  warning  Do not access Object.prototype method 'hasOwnProperty' from target object  no-prototype-builtins
  2:368152  warning  Expected a conditional expression and instead saw an assignment            no-cond-assign
  2:369142  warning  Empty block statement                                                      no-empty
  2:370347  warning  Do not access Object.prototype method 'hasOwnProperty' from target object  no-prototype-builtins
  2:371807  warning  Do not access Object.prototype method 'hasOwnProperty' from target object  no-prototype-builtins
  2:371848  warning  Do not access Object.prototype method 'hasOwnProperty' from target object  no-prototype-builtins
  2:372013  warning  Do not access Object.prototype method 'hasOwnProperty' from target object  no-prototype-builtins
  2:372040  warning  Do not access Object.prototype method 'hasOwnProperty' from target object  no-prototype-builtins
  2:372628  warning  Do not access Object.prototype method 'hasOwnProperty' from target object  no-prototype-builtins
  2:374262  warning  'MSApp' is not defined                                                     no-undef
  2:374305  warning  'n' is defined but never used                                              no-unused-vars
  2:374307  warning  'r' is defined but never used                                              no-unused-vars
  2:374310  warning  'MSApp' is not defined                                                     no-undef
  2:375275  warning  Do not access Object.prototype method 'hasOwnProperty' from target object  no-prototype-builtins
  2:375368  warning  Do not access Object.prototype method 'hasOwnProperty' from target object  no-prototype-builtins
  2:376575  warning  Expected a conditional expression and instead saw an assignment            no-cond-assign
  2:377597  warning  Expected to return a value in method 'get'                                 getter-return
  2:377734  warning  'r' is defined but never used                                              no-unused-vars
  2:377736  warning  'a' is defined but never used                                              no-unused-vars
  2:377738  warning  'i' is defined but never used                                              no-unused-vars
  2:377740  warning  'o' is defined but never used                                              no-unused-vars
  2:377742  warning  'l' is defined but never used                                              no-unused-vars
  2:377744  warning  's' is defined but never used                                              no-unused-vars
  2:377917  warning  'e' is defined but never used                                              no-unused-vars
  2:377919  warning  't' is defined but never used                                              no-unused-vars
  2:377921  warning  'n' is defined but never used                                              no-unused-vars
  2:377923  warning  'r' is defined but never used                                              no-unused-vars
  2:377925  warning  'a' is defined but never used                                              no-unused-vars
  2:377927  warning  'i' is defined but never used                                              no-unused-vars
  2:377929  warning  'o' is defined but never used                                              no-unused-vars
  2:377931  warning  'l' is defined but never used                                              no-unused-vars
  2:377933  warning  's' is defined but never used                                              no-unused-vars
  2:386812  warning  Do not access Object.prototype method 'hasOwnProperty' from target object  no-prototype-builtins
  2:387132  warning  Invalid typeof comparison value                                            valid-typeof
  2:387306  warning  Invalid typeof comparison value                                            valid-typeof
  2:394110  warning  Expected a conditional expression and instead saw an assignment            no-cond-assign
  2:395328  warning  Do not access Object.prototype method 'hasOwnProperty' from target object  no-prototype-builtins
  2:397828  warning  'e' is defined but never used                                              no-unused-vars
  2:397830  warning  't' is defined but never used                                              no-unused-vars
  2:397832  warning  'n' is defined but never used                                              no-unused-vars
  2:397834  warning  'r' is defined but never used                                              no-unused-vars
  2:397836  warning  'a' is defined but never used                                              no-unused-vars
  2:397838  warning  'o' is defined but never used                                              no-unused-vars
  2:397840  warning  'l' is defined but never used                                              no-unused-vars
  2:397842  warning  's' is defined but never used                                              no-unused-vars
  2:397844  warning  'u' is defined but never used                                              no-unused-vars
  2:399785  warning  Expected a 'break' statement before 'case'                                 no-fallthrough
  2:399972  warning  Expected a 'break' statement before 'case'                                 no-fallthrough
  2:401083  warning  Expected a conditional expression and instead saw an assignment            no-cond-assign
  2:401157  warning  Expected a conditional expression and instead saw an assignment            no-cond-assign
  2:402510  warning  Expected a 'break' statement before 'case'                                 no-fallthrough
  2:404482  warning  Unexpected control character(s) in regular expression: \x00                no-control-regex
  2:406088  warning  Expected a conditional expression and instead saw an assignment            no-cond-assign
  2:406188  warning  Expected a conditional expression and instead saw an assignment            no-cond-assign
  2:413587  warning  Expected a 'break' statement before 'case'                                 no-fallthrough
  2:415554  warning  Expected a conditional expression and instead saw an assignment            no-cond-assign
  2:417005  warning  Expected a conditional expression and instead saw an assignment            no-cond-assign
  2:422837  warning  Expected a conditional expression and instead saw an assignment            no-cond-assign
  2:429448  warning  Empty block statement                                                      no-empty
  2:436635  warning  Expected a conditional expression and instead saw an assignment            no-cond-assign
  2:437765  warning  Expected a conditional expression and instead saw an assignment            no-cond-assign
  2:440519  warning  Expected a conditional expression and instead saw an assignment            no-cond-assign
  2:446124  warning  Do not access Object.prototype method 'hasOwnProperty' from target object  no-prototype-builtins
  2:446404  warning  Do not access Object.prototype method 'hasOwnProperty' from target object  no-prototype-builtins
  2:446849  warning  Unnecessary escape character: \/                                           no-useless-escape
  2:447711  warning  Do not access Object.prototype method 'hasOwnProperty' from target object  no-prototype-builtins
  2:448019  warning  Do not access Object.prototype method 'hasOwnProperty' from target object  no-prototype-builtins
  2:452988  warning  Do not access Object.prototype method 'hasOwnProperty' from target object  no-prototype-builtins
  2:453009  warning  Do not access Object.prototype method 'hasOwnProperty' from target object  no-prototype-builtins
  2:453079  warning  Do not access Object.prototype method 'hasOwnProperty' from target object  no-prototype-builtins
  2:453259  warning  Do not access Object.prototype method 'hasOwnProperty' from target object  no-prototype-builtins
  2:453361  warning  Do not access Object.prototype method 'hasOwnProperty' from target object  no-prototype-builtins
  2:453441  warning  Do not access Object.prototype method 'hasOwnProperty' from target object  no-prototype-builtins
  2:453465  warning  Do not access Object.prototype method 'hasOwnProperty' from target object  no-prototype-builtins
  2:453517  warning  Do not access Object.prototype method 'hasOwnProperty' from target object  no-prototype-builtins
  2:453872  warning  Do not access Object.prototype method 'hasOwnProperty' from target object  no-prototype-builtins
  2:456279  warning  Empty block statement                                                      no-empty
  2:456314  warning  Expected a 'break' statement before 'case'                                 no-fallthrough
  2:460386  warning  Do not access Object.prototype method 'hasOwnProperty' from target object  no-prototype-builtins
  2:460913  warning  Expected a 'break' statement before 'case'                                 no-fallthrough
  2:473419  warning  Empty block statement                                                      no-empty
  2:475121  warning  Empty block statement                                                      no-empty
  2:485770  warning  Expected a conditional expression and instead saw an assignment            no-cond-assign
  2:487515  warning  'Te' is a function                                                         no-func-assign
  2:487521  warning  'De' is a function                                                         no-func-assign
  2:488468  warning  '__REACT_DEVTOOLS_GLOBAL_HOOK__' is not defined                            no-undef
  2:488571  warning  Empty block statement                                                      no-empty
  2:490788  warning  '__REACT_DEVTOOLS_GLOBAL_HOOK__' is not defined                            no-undef
  2:490832  warning  '__REACT_DEVTOOLS_GLOBAL_HOOK__' is not defined                            no-undef
  2:491326  warning  Do not access Object.prototype method 'hasOwnProperty' from target object  no-prototype-builtins
  2:492985  warning  Do not access Object.prototype method 'hasOwnProperty' from target object  no-prototype-builtins
  2:496013  warning  Do not access Object.prototype method 'hasOwnProperty' from target object  no-prototype-builtins
  2:499000  warning  'setImmediate' is not defined                                              no-undef
  2:503354  warning  Unsafe usage of ThrowStatement                                             no-unsafe-finally
  2:507289  warning  'n' is defined but never used                                              no-unused-vars
  2:510611  warning  'i' is defined but never used                                              no-unused-vars
  2:510613  warning  'o' is defined but never used                                              no-unused-vars
  2:512649  warning  't' is defined but never used                                              no-unused-vars

✖ 191 problems (0 errors, 191 warnings)
  0 errors and 1 warning potentially fixable with the `--fix` option.

